<?xml version="1.0" encoding="UTF-8"?>
<!-- Generated by org.testng.reporters.JUnitXMLReporter -->
<testsuite ignored="0" hostname="DESKTOP-D48OV93" failures="0" tests="8" name="Test" time="0.091" errors="0" timestamp="2023-09-25T12:35:40 IST">
  <testcase classname="testNG.Day5B.HomePageTC" name="testCase7" time="0.005"/>
  <testcase classname="testNG.Day5B.HomePageTC" name="testCase8" time="0.002"/>
  <testcase classname="testNG.Day5B.HomePageTC" name="testCase9" time="0.001"/>
  <testcase classname="testNG.Day5A.LoginTc" name="testCase4" time="0.001"/>
  <testcase classname="testNG.Day5A.LoginTc" name="testCase5" time="0.002"/>
  <testcase classname="testNG.Day5A.LoginTc" name="testCase6" time="0.002"/>
  <testcase classname="testNG.Day4.TestNgAnnotations" name="testCase1" time="0.002"/>
  <testcase classname="testNG.Day4.TestNgAnnotations" name="testCase2" time="0.001"/>
</testsuite> <!-- Test -->
