<?xml version="1.0" encoding="UTF-8"?>
<!-- Generated by org.testng.reporters.JUnitXMLReporter -->
<testsuite ignored="0" hostname="DESKTOP-D48OV93" failures="0" tests="3" name="Test" time="25.83" errors="0" timestamp="2023-10-08T18:32:28 IST">
  <testcase classname="testNG.Day5A.ParallelExecution" name="testVtigerLogin" time="13.779"/>
  <testcase classname="testNG.Day5A.ParallelExecution" name="testOrangeHRMLogin" time="16.462"/>
  <testcase classname="testNG.Day5A.ParallelExecution" name="testActiTimeLogin" time="25.785"/>
</testsuite> <!-- Test -->
