<?xml version="1.0" encoding="UTF-8"?>
<!-- Generated by org.testng.reporters.JUnitXMLReporter -->
<testsuite ignored="2" hostname="DESKTOP-D48OV93" failures="0" tests="7" name="Test" time="0.101" errors="0" timestamp="2023-09-25T18:56:29 IST">
  <testcase classname="testNG.Day5A.LoginTc" name="testCase5" time="0.01"/>
  <testcase classname="testNG.Day5A.LoginTc" name="testCase6" time="0.004"/>
  <testcase classname="testNG.Day5A.AccountRegistrationTC" name="testCase2" time="0.003"/>
  <testcase classname="testNG.Day5A.AccountRegistrationTC" name="testCase3" time="0.003"/>
  <testcase classname="testNG.Day5B.HomePageTC" name="testCase7" time="0.003"/>
  <testcase classname="testNG.Day5B.HomePageTC" name="testCase8" time="0.002"/>
  <testcase classname="testNG.Day5B.HomePageTC" name="testCase9" time="0.002"/>
  <testcase classname="testNG.Day5A.AccountRegistrationTC" name="testCase1" time="0.0">
    <ignored/>
  </testcase> <!-- testCase1 -->
  <testcase classname="testNG.Day5A.LoginTc" name="testCase4" time="0.0">
    <ignored/>
  </testcase> <!-- testCase4 -->
</testsuite> <!-- Test -->
