<?xml version="1.0" encoding="UTF-8"?>
<testng-results ignored="0" total="2" passed="2" failed="0" skipped="0">
  <reporter-output>
  </reporter-output>
  <suite started-at="2023-10-12T08:34:50 IST" name="Default suite" finished-at="2023-10-12T08:36:58 IST" duration-ms="127651">
    <groups>
    </groups>
    <test started-at="2023-10-12T08:34:50 IST" name="Default test" finished-at="2023-10-12T08:36:58 IST" duration-ms="127651">
      <class name="testNG.Day5A.ParallelExecution">
        <test-method signature="testOrangeHRMLogin()[pri:0, instance:testNG.Day5A.ParallelExecution@6d4e5011]" started-at="2023-10-12T08:34:51 IST" name="testOrangeHRMLogin" finished-at="2023-10-12T08:36:45 IST" duration-ms="114773" status="PASS">
          <reporter-output>
          </reporter-output>
        </test-method> <!-- testOrangeHRMLogin -->
        <test-method signature="testVtigerLogin()[pri:0, instance:testNG.Day5A.ParallelExecution@6d4e5011]" started-at="2023-10-12T08:36:45 IST" name="testVtigerLogin" finished-at="2023-10-12T08:36:58 IST" duration-ms="12819" status="PASS">
          <reporter-output>
          </reporter-output>
        </test-method> <!-- testVtigerLogin -->
      </class> <!-- testNG.Day5A.ParallelExecution -->
    </test> <!-- Default test -->
  </suite> <!-- Default suite -->
</testng-results>
