<?xml version="1.0" encoding="UTF-8"?>
<!-- Generated by org.testng.reporters.JUnitXMLReporter -->
<testsuite ignored="0" hostname="DESKTOP-D48OV93" failures="0" tests="6" name="Test" time="0.085" errors="0" timestamp="2023-09-25T12:23:44 IST">
  <testcase classname="testNG.Day5A.LoginTc" name="testCase4" time="0.011"/>
  <testcase classname="testNG.Day5A.LoginTc" name="testCase5" time="0.002"/>
  <testcase classname="testNG.Day5A.LoginTc" name="testCase6" time="0.002"/>
  <testcase classname="testNG.Day5A.AccountRegistrationTC" name="testCase1" time="0.0"/>
  <testcase classname="testNG.Day5A.AccountRegistrationTC" name="testCase2" time="0.001"/>
  <testcase classname="testNG.Day5A.AccountRegistrationTC" name="testCase3" time="0.003"/>
</testsuite> <!-- Test -->
